[2m22:08:19[22m [31m[1m[vite][22m[39m [31mhttp proxy error: /api/notifications/unread-count[39m
Error: socket hang up
    at Socket.socketOnEnd (node:_http_client:542:25)
    at Socket.emit (node:events:530:35)
    at endReadableNT (node:internal/streams/readable:1698:12)
    at process.processTicksAndRejections (node:internal/process/task_queues:90:21)
[2m22:08:20[22m [31m[1m[vite][22m[39m [31mhttp proxy error: /api/notifications/unread-count[39m
Error: socket hang up
    at Socket.socketOnEnd (node:_http_client:542:25)
    at Socket.emit (node:events:530:35)
    at endReadableNT (node:internal/streams/readable:1698:12)
    at process.processTicksAndRejections (node:internal/process/task_queues:90:21)
[2m22:25:20[22m [31m[1m[vite][22m[39m [31mhttp proxy error: /api/notifications/unread-count[39m
AggregateError [ECONNREFUSED]: 
    at internalConnectMultiple (node:net:1139:18)
    at afterConnectMultiple (node:net:1714:7)
[2m22:28:49[22m [31m[1m[vite][22m[39m [31mhttp proxy error: /api/notifications/unread-count[39m
AggregateError [ECONNREFUSED]: 
    at internalConnectMultiple (node:net:1139:18)
    at afterConnectMultiple (node:net:1714:7)
[2m22:28:54[22m [31m[1m[vite][22m[39m [31mhttp proxy error: /api/notifications/unread-count[39m
Error: socket hang up
    at Socket.socketOnEnd (node:_http_client:542:25)
    at Socket.emit (node:events:530:35)
    at endReadableNT (node:internal/streams/readable:1698:12)
    at process.processTicksAndRejections (node:internal/process/task_queues:90:21)
[2m22:29:00[22m [31m[1m[vite][22m[39m [31mhttp proxy error: /api/notifications/unread-count[39m
Error: socket hang up
    at Socket.socketOnEnd (node:_http_client:542:25)
    at Socket.emit (node:events:530:35)
    at endReadableNT (node:internal/streams/readable:1698:12)
    at process.processTicksAndRejections (node:internal/process/task_queues:90:21)
[2m22:29:04[22m [31m[1m[vite][22m[39m [31mhttp proxy error: /api/notifications/unread-count[39m
Error: socket hang up
    at Socket.socketOnEnd (node:_http_client:542:25)
    at Socket.emit (node:events:530:35)
    at endReadableNT (node:internal/streams/readable:1698:12)
    at process.processTicksAndRejections (node:internal/process/task_queues:90:21)
[2m22:29:09[22m [31m[1m[vite][22m[39m [31mhttp proxy error: /api/notifications/unread-count[39m
Error: socket hang up
    at Socket.socketOnEnd (node:_http_client:542:25)
    at Socket.emit (node:events:530:35)
    at endReadableNT (node:internal/streams/readable:1698:12)
    at process.processTicksAndRejections (node:internal/process/task_queues:90:21)
[2m22:38:18[22m [31m[1m[vite][22m[39m [31mhttp proxy error: /api/notifications/unread-count[39m
Error: socket hang up
    at Socket.socketOnEnd (node:_http_client:542:25)
    at Socket.emit (node:events:530:35)
    at endReadableNT (node:internal/streams/readable:1698:12)
    at process.processTicksAndRejections (node:internal/process/task_queues:90:21)
[2m22:38:20[22m [31m[1m[vite][22m[39m [31mhttp proxy error: /api/notifications/unread-count[39m
Error: socket hang up
    at Socket.socketOnEnd (node:_http_client:542:25)
    at Socket.emit (node:events:530:35)
    at endReadableNT (node:internal/streams/readable:1698:12)
    at process.processTicksAndRejections (node:internal/process/task_queues:90:21)
[2m22:38:23[22m [31m[1m[vite][22m[39m [31mhttp proxy error: /api/notifications/unread-count[39m
Error: socket hang up
    at Socket.socketOnEnd (node:_http_client:542:25)
    at Socket.emit (node:events:530:35)
    at endReadableNT (node:internal/streams/readable:1698:12)
    at process.processTicksAndRejections (node:internal/process/task_queues:90:21)
[2m22:38:28[22m [31m[1m[vite][22m[39m [31mhttp proxy error: /api/notifications/unread-count[39m
Error: socket hang up
    at Socket.socketOnEnd (node:_http_client:542:25)
    at Socket.emit (node:events:530:35)
    at endReadableNT (node:internal/streams/readable:1698:12)
    at process.processTicksAndRejections (node:internal/process/task_queues:90:21)
[2m22:59:24[22m [31m[1m[vite][22m[39m [31mhttp proxy error: /api/notifications/unread-count[39m
AggregateError [ECONNREFUSED]: 
    at internalConnectMultiple (node:net:1139:18)
    at afterConnectMultiple (node:net:1714:7)
[2m22:59:29[22m [31m[1m[vite][22m[39m [31mhttp proxy error: /api/notifications/unread-count[39m
Error: socket hang up
    at Socket.socketOnEnd (node:_http_client:542:25)
    at Socket.emit (node:events:530:35)
    at endReadableNT (node:internal/streams/readable:1698:12)
    at process.processTicksAndRejections (node:internal/process/task_queues:90:21)
[2m22:59:34[22m [31m[1m[vite][22m[39m [31mhttp proxy error: /api/notifications/unread-count[39m
Error: socket hang up
    at Socket.socketOnEnd (node:_http_client:542:25)
    at Socket.emit (node:events:530:35)
    at endReadableNT (node:internal/streams/readable:1698:12)
    at process.processTicksAndRejections (node:internal/process/task_queues:90:21)
[2m22:59:40[22m [31m[1m[vite][22m[39m [31mhttp proxy error: /api/notifications/unread-count[39m
Error: socket hang up
    at Socket.socketOnEnd (node:_http_client:542:25)
    at Socket.emit (node:events:530:35)
    at endReadableNT (node:internal/streams/readable:1698:12)
    at process.processTicksAndRejections (node:internal/process/task_queues:90:21)
[2m22:59:44[22m [31m[1m[vite][22m[39m [31mhttp proxy error: /api/notifications/unread-count[39m
Error: socket hang up
    at Socket.socketOnEnd (node:_http_client:542:25)
    at Socket.emit (node:events:530:35)
    at endReadableNT (node:internal/streams/readable:1698:12)
    at process.processTicksAndRejections (node:internal/process/task_queues:90:21)
[2m23:19:20[22m [31m[1m[vite][22m[39m [31mhttp proxy error: /api/notifications/unread-count[39m
Error: socket hang up
    at Socket.socketOnEnd (node:_http_client:542:25)
    at Socket.emit (node:events:530:35)
    at endReadableNT (node:internal/streams/readable:1698:12)
    at process.processTicksAndRejections (node:internal/process/task_queues:90:21)
[2m23:19:20[22m [31m[1m[vite][22m[39m [31mhttp proxy error: /api/notifications/unread-count[39m
AggregateError [ECONNREFUSED]: 
    at internalConnectMultiple (node:net:1139:18)
    at afterConnectMultiple (node:net:1714:7)
[2m23:19:24[22m [31m[1m[vite][22m[39m [31mhttp proxy error: /api/notifications/unread-count[39m
Error: socket hang up
    at Socket.socketOnEnd (node:_http_client:542:25)
    at Socket.emit (node:events:530:35)
    at endReadableNT (node:internal/streams/readable:1698:12)
    at process.processTicksAndRejections (node:internal/process/task_queues:90:21)
[2m23:19:29[22m [31m[1m[vite][22m[39m [31mhttp proxy error: /api/notifications/unread-count[39m
Error: socket hang up
    at Socket.socketOnEnd (node:_http_client:542:25)
    at Socket.emit (node:events:530:35)
    at endReadableNT (node:internal/streams/readable:1698:12)
    at process.processTicksAndRejections (node:internal/process/task_queues:90:21)
[2m23:19:34[22m [31m[1m[vite][22m[39m [31mhttp proxy error: /api/notifications/unread-count[39m
Error: socket hang up
    at Socket.socketOnEnd (node:_http_client:542:25)
    at Socket.emit (node:events:530:35)
    at endReadableNT (node:internal/streams/readable:1698:12)
    at process.processTicksAndRejections (node:internal/process/task_queues:90:21)
[2m23:19:39[22m [31m[1m[vite][22m[39m [31mhttp proxy error: /api/notifications/unread-count[39m
Error: socket hang up
    at Socket.socketOnEnd (node:_http_client:542:25)
    at Socket.emit (node:events:530:35)
    at endReadableNT (node:internal/streams/readable:1698:12)
    at process.processTicksAndRejections (node:internal/process/task_queues:90:21)
[2m23:30:15[22m [31m[1m[vite][22m[39m [31mhttp proxy error: /api/notifications/unread-count[39m
Error: socket hang up
    at Socket.socketOnEnd (node:_http_client:542:25)
    at Socket.emit (node:events:530:35)
    at endReadableNT (node:internal/streams/readable:1698:12)
    at process.processTicksAndRejections (node:internal/process/task_queues:90:21)
[2m23:30:20[22m [31m[1m[vite][22m[39m [31mhttp proxy error: /api/notifications/unread-count[39m
Error: socket hang up
    at Socket.socketOnEnd (node:_http_client:542:25)
    at Socket.emit (node:events:530:35)
    at endReadableNT (node:internal/streams/readable:1698:12)
    at process.processTicksAndRejections (node:internal/process/task_queues:90:21)
[2m23:30:20[22m [31m[1m[vite][22m[39m [31mhttp proxy error: /api/notifications/unread-count[39m
Error: socket hang up
    at Socket.socketOnEnd (node:_http_client:542:25)
    at Socket.emit (node:events:530:35)
    at endReadableNT (node:internal/streams/readable:1698:12)
    at process.processTicksAndRejections (node:internal/process/task_queues:90:21)
[2m23:30:20[22m [31m[1m[vite][22m[39m [31mhttp proxy error: /api/notifications/unread-count[39m
Error: socket hang up
    at Socket.socketOnEnd (node:_http_client:542:25)
    at Socket.emit (node:events:530:35)
    at endReadableNT (node:internal/streams/readable:1698:12)
    at process.processTicksAndRejections (node:internal/process/task_queues:90:21)
[2m23:30:20[22m [31m[1m[vite][22m[39m [31mhttp proxy error: /api/notifications/unread-count[39m
Error: socket hang up
    at Socket.socketOnEnd (node:_http_client:542:25)
    at Socket.emit (node:events:530:35)
    at endReadableNT (node:internal/streams/readable:1698:12)
    at process.processTicksAndRejections (node:internal/process/task_queues:90:21)
[2m23:30:25[22m [31m[1m[vite][22m[39m [31mhttp proxy error: /api/notifications/unread-count[39m
Error: socket hang up
    at Socket.socketOnEnd (node:_http_client:542:25)
    at Socket.emit (node:events:530:35)
    at endReadableNT (node:internal/streams/readable:1698:12)
    at process.processTicksAndRejections (node:internal/process/task_queues:90:21)
[2m23:30:27[22m [31m[1m[vite][22m[39m [31mhttp proxy error: /api/notifications/unread-count[39m
Error: socket hang up
    at Socket.socketOnEnd (node:_http_client:542:25)
    at Socket.emit (node:events:530:35)
    at endReadableNT (node:internal/streams/readable:1698:12)
    at process.processTicksAndRejections (node:internal/process/task_queues:90:21)
[2m23:30:27[22m [31m[1m[vite][22m[39m [31mhttp proxy error: /api/notifications/unread-count[39m
Error: socket hang up
    at Socket.socketOnEnd (node:_http_client:542:25)
    at Socket.emit (node:events:530:35)
    at endReadableNT (node:internal/streams/readable:1698:12)
    at process.processTicksAndRejections (node:internal/process/task_queues:90:21)
[2m23:30:30[22m [31m[1m[vite][22m[39m [31mhttp proxy error: /api/notifications/unread-count[39m
Error: socket hang up
    at Socket.socketOnEnd (node:_http_client:542:25)
    at Socket.emit (node:events:530:35)
    at endReadableNT (node:internal/streams/readable:1698:12)
    at process.processTicksAndRejections (node:internal/process/task_queues:90:21)
[2m23:34:24[22m [31m[1m[vite][22m[39m [31mhttp proxy error: /api/notifications/unread-count[39m
Error: socket hang up
    at Socket.socketOnEnd (node:_http_client:542:25)
    at Socket.emit (node:events:530:35)
    at endReadableNT (node:internal/streams/readable:1698:12)
    at process.processTicksAndRejections (node:internal/process/task_queues:90:21)
[2m23:34:29[22m [31m[1m[vite][22m[39m [31mhttp proxy error: /api/notifications/unread-count[39m
Error: socket hang up
    at Socket.socketOnEnd (node:_http_client:542:25)
    at Socket.emit (node:events:530:35)
    at endReadableNT (node:internal/streams/readable:1698:12)
    at process.processTicksAndRejections (node:internal/process/task_queues:90:21)
[2m23:34:34[22m [31m[1m[vite][22m[39m [31mhttp proxy error: /api/notifications/unread-count[39m
Error: socket hang up
    at Socket.socketOnEnd (node:_http_client:542:25)
    at Socket.emit (node:events:530:35)
    at endReadableNT (node:internal/streams/readable:1698:12)
    at process.processTicksAndRejections (node:internal/process/task_queues:90:21)
[2m23:45:20[22m [31m[1m[vite][22m[39m [31mhttp proxy error: /api/notifications/unread-count[39m
Error: socket hang up
    at Socket.socketOnEnd (node:_http_client:542:25)
    at Socket.emit (node:events:530:35)
    at endReadableNT (node:internal/streams/readable:1698:12)
    at process.processTicksAndRejections (node:internal/process/task_queues:90:21)
[2m23:45:20[22m [31m[1m[vite][22m[39m [31mhttp proxy error: /api/notifications/unread-count[39m
Error: socket hang up
    at Socket.socketOnEnd (node:_http_client:542:25)
    at Socket.emit (node:events:530:35)
    at endReadableNT (node:internal/streams/readable:1698:12)
    at process.processTicksAndRejections (node:internal/process/task_queues:90:21)
[2m23:45:25[22m [31m[1m[vite][22m[39m [31mhttp proxy error: /api/notifications/unread-count[39m
Error: socket hang up
    at Socket.socketOnEnd (node:_http_client:542:25)
    at Socket.emit (node:events:530:35)
    at endReadableNT (node:internal/streams/readable:1698:12)
    at process.processTicksAndRejections (node:internal/process/task_queues:90:21)
[2m23:45:30[22m [31m[1m[vite][22m[39m [31mhttp proxy error: /api/notifications/unread-count[39m
Error: socket hang up
    at Socket.socketOnEnd (node:_http_client:542:25)
    at Socket.emit (node:events:530:35)
    at endReadableNT (node:internal/streams/readable:1698:12)
    at process.processTicksAndRejections (node:internal/process/task_queues:90:21)
