
> sse-frontend@1.0.0 dev
> vite --host 127.0.0.1 --port 5173


  [32m[1mVITE[22m v5.4.21[39m  [2mready in [0m[1m468[22m[2m[0m ms[22m

  [32m➜[39m  [1mLocal[22m:   [36mhttp://127.0.0.1:[1m5173[22m/[39m
[2m[32m  ➜[39m[22m[2m  press [22m[1mh + enter[22m[2m to show help[22m
[2m21:53:16[22m [36m[1m[vite][22m[39m [32mhmr update [39m[2m/src/pages/gouvernement/EvaluationValidatePage.tsx, /src/index.css[22m
[2m21:53:22[22m [36m[1m[vite][22m[39m [32mhmr update [39m[2m/src/pages/gouvernement/EvaluationValidatePage.tsx, /src/index.css[22m
[2m21:54:38[22m [36m[1m[vite][22m[39m [32mhmr update [39m[2m/src/pages/responsable/EvaluationFillPage.tsx, /src/index.css[22m
[2m21:54:53[22m [36m[1m[vite][22m[39m [32mpage reload [39m[2msrc/i18n/locales/fr.json[22m
[2m21:54:57[22m [36m[1m[vite][22m[39m [32mpage reload [39m[2msrc/i18n/locales/en.json[22m
[2m21:55:01[22m [36m[1m[vite][22m[39m [32mpage reload [39m[2msrc/i18n/locales/ar.json[22m
[2m22:05:41[22m [36m[1m[vite][22m[39m [32mhmr update [39m[2m/src/pages/gouvernement/EvaluationValidatePage.tsx, /src/index.css[22m
[2m22:27:48[22m [36m[1m[vite][22m[39m [32mhmr update [39m[2m/src/pages/gouvernement/EvaluationValidatePage.tsx, /src/index.css[22m
[2m22:28:00[22m [36m[1m[vite][22m[39m [32mhmr update [39m[2m/src/pages/responsable/EvaluationFillPage.tsx, /src/index.css[22m
[2m22:28:07[22m [36m[1m[vite][22m[39m [32mpage reload [39m[2msrc/i18n/locales/fr.json[22m
[2m22:28:12[22m [36m[1m[vite][22m[39m [32mpage reload [39m[2msrc/i18n/locales/en.json[22m
[2m22:28:18[22m [36m[1m[vite][22m[39m [32mpage reload [39m[2msrc/i18n/locales/ar.json[22m
[2m22:30:00[22m [36m[1m[vite][22m[39m [32mhmr update [39m[2m/src/pages/gouvernement/EvaluationValidatePage.tsx, /src/index.css[22m
[2m22:37:34[22m [36m[1m[vite][22m[39m [32mhmr update [39m[2m/src/pages/gouvernement/EvaluationValidatePage.tsx, /src/index.css[22m
[2m22:37:42[22m [36m[1m[vite][22m[39m [32mhmr update [39m[2m/src/pages/responsable/EvaluationFillPage.tsx, /src/index.css[22m
[2m22:46:23[22m [36m[1m[vite][22m[39m [32mhmr update [39m[2m/src/pages/responsable/EvaluationFillPage.tsx, /src/index.css[22m
[2m22:55:31[22m [36m[1m[vite][22m[39m [32mhmr update [39m[2m/src/App.tsx, /src/index.css, /src/components/common/ProtectedRoute.tsx, /src/pages/admin/OrganismesPage.tsx, /src/pages/admin/EvaluationsPage.tsx, /src/pages/admin/AccountRequestsPage.tsx, /src/pages/responsable/ResponsableDashboard.tsx, /src/pages/admin/UsersPage.tsx, /src/pages/admin/NotificationsPage.tsx, /src/pages/auth/AccountRequestPage.tsx, /src/pages/responsable/EvaluationFillPage.tsx, /src/components/layout/Sidebar.tsx, /src/pages/gouvernement/EvaluationValidatePage.tsx[22m
[2m22:55:35[22m [36m[1m[vite][22m[39m [32mhmr update [39m[2m/src/pages/admin/EvaluationsPage.tsx, /src/index.css, /src/pages/responsable/ResponsableDashboard.tsx, /src/pages/gouvernement/EvaluationValidatePage.tsx, /src/pages/responsable/EvaluationFillPage.tsx[22m
[2m22:55:46[22m [36m[1m[vite][22m[39m [32mhmr update [39m[2m/src/pages/responsable/EvaluationFillPage.tsx, /src/index.css[22m
[2m22:55:57[22m [36m[1m[vite][22m[39m [32mhmr update [39m[2m/src/pages/responsable/EvaluationFillPage.tsx, /src/index.css[22m
[2m22:56:03[22m [36m[1m[vite][22m[39m [32mhmr update [39m[2m/src/pages/responsable/EvaluationFillPage.tsx, /src/index.css[22m
[2m22:56:08[22m [36m[1m[vite][22m[39m [32mhmr update [39m[2m/src/pages/responsable/EvaluationFillPage.tsx, /src/index.css[22m
[2m22:56:15[22m [36m[1m[vite][22m[39m [32mhmr update [39m[2m/src/pages/responsable/EvaluationFillPage.tsx, /src/index.css[22m
[2m22:56:21[22m [36m[1m[vite][22m[39m [32mpage reload [39m[2msrc/i18n/locales/fr.json[22m
[2m22:56:26[22m [36m[1m[vite][22m[39m [32mpage reload [39m[2msrc/i18n/locales/en.json[22m
[2m22:56:33[22m [36m[1m[vite][22m[39m [32mpage reload [39m[2msrc/i18n/locales/ar.json[22m
[2m23:15:53[22m [36m[1m[vite][22m[39m [32mhmr update [39m[2m/src/pages/gouvernement/EvaluationValidatePage.tsx, /src/index.css[22m
[2m23:16:12[22m [36m[1m[vite][22m[39m [32mpage reload [39m[2msrc/i18n/locales/fr.json[22m
[2m23:16:17[22m [36m[1m[vite][22m[39m [32mpage reload [39m[2msrc/i18n/locales/en.json[22m
[2m23:16:21[22m [36m[1m[vite][22m[39m [32mpage reload [39m[2msrc/i18n/locales/ar.json[22m
[2m23:16:27[22m [36m[1m[vite][22m[39m [32mhmr update [39m[2m/src/pages/gouvernement/EvaluationValidatePage.tsx, /src/index.css[22m
[2m23:26:01[22m [36m[1m[vite][22m[39m [32mhmr update [39m[2m/src/App.tsx, /src/index.css[22m
[2m23:26:09[22m [36m[1m[vite][22m[39m [32mhmr update [39m[2m/src/pages/responsable/ResponsableDashboard.tsx, /src/index.css[22m
[2m23:26:14[22m [36m[1m[vite][22m[39m [32mhmr update [39m[2m/src/pages/responsable/ResponsableDashboard.tsx, /src/index.css[22m
[2m23:26:23[22m [36m[1m[vite][22m[39m [32mhmr update [39m[2m/src/pages/admin/EvaluationsPage.tsx, /src/index.css[22m
[2m23:26:33[22m [36m[1m[vite][22m[39m [32mpage reload [39m[2msrc/i18n/locales/fr.json[22m
[2m23:26:40[22m [36m[1m[vite][22m[39m [32mpage reload [39m[2msrc/i18n/locales/en.json[22m
[2m23:26:46[22m [36m[1m[vite][22m[39m [32mpage reload [39m[2msrc/i18n/locales/ar.json[22m
[2m23:40:20[22m [36m[1m[vite][22m[39m [32mhmr update [39m[2m/src/pages/admin/EvaluationsPage.tsx, /src/index.css[22m
[2m23:40:37[22m [36m[1m[vite][22m[39m [32mhmr update [39m[2m/src/pages/responsable/ResponsableDashboard.tsx, /src/index.css[22m
[2m23:40:47[22m [36m[1m[vite][22m[39m [32mhmr update [39m[2m/src/pages/common/EvaluationReadOnlyPage.tsx, /src/index.css[22m
[2m23:40:53[22m [36m[1m[vite][22m[39m [32mhmr update [39m[2m/src/App.tsx, /src/index.css[22m
[2m23:40:58[22m [36m[1m[vite][22m[39m [32mhmr update [39m[2m/src/components/layout/Sidebar.tsx, /src/index.css[22m
[2m23:41:21[22m [36m[1m[vite][22m[39m [32mhmr update [39m[2m/src/pages/gouvernement/GouvernementDashboard.tsx, /src/index.css[22m
[2m23:41:47[22m [36m[1m[vite][22m[39m [32mhmr update [39m[2m/src/pages/gouvernement/EvaluationValidatePage.tsx, /src/index.css[22m
