
  .   ____          _            __ _ _
 /\\ / ___'_ __ _ _(_)_ __  __ _ \ \ \ \
( ( )\___ | '_ | '_| | '_ \/ _` | \ \ \ \
 \\/  ___)| |_)| | | | | || (_| |  ) ) ) )
  '  |____| .__|_| |_|_| |_\__, | / / / /
 =========|_|==============|___/=/_/_/_/
 :: Spring Boot ::                (v3.2.5)

2026-06-30 23:03:52 [main] INFO  com.sse.SseBackendApplication - Starting SseBackendApplication v1.0.0 using Java 22.0.1 with PID 47456 (C:\Users\BiGGGi\Desktop\Stage\sse-application\backend\target\sse-backend-1.0.0.jar started by BiGGGi in C:\Users\BiGGGi\Desktop\Stage\sse-application\backend)
2026-06-30 23:03:52 [main] DEBUG com.sse.SseBackendApplication - Running with Spring Boot v3.2.5, Spring v6.1.6
2026-06-30 23:03:52 [main] INFO  com.sse.SseBackendApplication - No active profile set, falling back to 1 default profile: "default"
2026-06-30 23:03:54 [main] INFO  o.s.d.r.c.RepositoryConfigurationDelegate - Bootstrapping Spring Data JPA repositories in DEFAULT mode.
2026-06-30 23:03:54 [main] INFO  o.s.d.r.c.RepositoryConfigurationDelegate - Finished Spring Data repository scanning in 75 ms. Found 11 JPA repository interfaces.
2026-06-30 23:03:56 [main] INFO  o.s.b.w.e.tomcat.TomcatWebServer - Tomcat initialized with port 8084 (http)
2026-06-30 23:03:56 [main] INFO  o.a.catalina.core.StandardService - Starting service [Tomcat]
2026-06-30 23:03:56 [main] INFO  o.a.catalina.core.StandardEngine - Starting Servlet engine: [Apache Tomcat/10.1.20]
2026-06-30 23:03:56 [main] INFO  o.a.c.c.C.[.[localhost].[/api] - Initializing Spring embedded WebApplicationContext
2026-06-30 23:03:56 [main] INFO  o.s.b.w.s.c.ServletWebServerApplicationContext - Root WebApplicationContext: initialization completed in 3303 ms
2026-06-30 23:03:57 [main] INFO  o.h.jpa.internal.util.LogHelper - HHH000204: Processing PersistenceUnitInfo [name: default]
2026-06-30 23:03:57 [main] INFO  org.hibernate.Version - HHH000412: Hibernate ORM core version 6.4.4.Final
2026-06-30 23:03:57 [main] INFO  o.h.c.i.RegionFactoryInitiator - HHH000026: Second-level cache disabled
2026-06-30 23:03:57 [main] INFO  o.s.o.j.p.SpringPersistenceUnitInfo - No LoadTimeWeaver setup: ignoring JPA class transformer
2026-06-30 23:03:57 [main] INFO  com.zaxxer.hikari.HikariDataSource - HikariPool-1 - Starting...
2026-06-30 23:03:58 [main] INFO  com.zaxxer.hikari.pool.HikariPool - HikariPool-1 - Added connection org.postgresql.jdbc.PgConnection@416b681c
2026-06-30 23:03:58 [main] INFO  com.zaxxer.hikari.HikariDataSource - HikariPool-1 - Start completed.
2026-06-30 23:03:58 [main] WARN  org.hibernate.orm.deprecation - HHH90000025: PostgreSQLDialect does not need to be specified explicitly using 'hibernate.dialect' (remove the property setting and it will be selected by default)
2026-06-30 23:03:59 [main] INFO  o.h.e.t.j.p.i.JtaPlatformInitiator - HHH000489: No JTA platform available (set 'hibernate.transaction.jta.platform' to enable JTA platform integration)
Hibernate: 
    create table audit_logs (
        id uuid not null,
        action varchar(255) not null,
        created_at timestamp(6),
        entity varchar(255) not null,
        ip_address varchar(255),
        new_value varchar(32600),
        old_value varchar(32600),
        evaluation_id uuid,
        user_id uuid,
        primary key (id)
    )
Hibernate: 
    create table bonnes_pratiques (
        id uuid not null,
        label_ar varchar(255),
        label_en varchar(255),
        label_fr varchar(255) not null,
        number integer not null,
        principe_id uuid not null,
        primary key (id)
    )
Hibernate: 
    create table criteres (
        id uuid not null,
        label_ar varchar(2000),
        label_en varchar(2000),
        label_fr varchar(2000) not null,
        number integer not null,
        preuves_ar varchar(3000),
        preuves_en varchar(3000),
        preuves_fr varchar(3000),
        references_ar varchar(3000),
        references_en varchar(3000),
        references_fr varchar(3000),
        bonne_pratique_id uuid not null,
        primary key (id)
    )
Hibernate: 
    create table evaluations (
        id uuid not null,
        comments varchar(2000),
        global_score float4,
        maturity_level varchar(255) check (maturity_level in ('INITIAL','EN_PROGRESSION','AVANCE','EXCELLENT')),
        started_at timestamp(6),
        status varchar(255) not null check (status in ('EN_COURS','SOUMISE','EN_VALIDATION','VALIDEE','REJETEE')),
        submitted_at timestamp(6),
        validated_at timestamp(6),
        year integer not null,
        organisme_id uuid not null,
        primary key (id)
    )
Hibernate: 
    create table global_scores (
        id uuid not null,
        maturity_level varchar(255) not null check (maturity_level in ('INITIAL','EN_PROGRESSION','AVANCE','EXCELLENT')),
        rank integer,
        score float4 not null,
        year integer not null,
        organisme_id uuid not null,
        primary key (id)
    )
Hibernate: 
    create table notifications (
        id uuid not null,
        created_at timestamp(6),
        is_read boolean not null,
        link varchar(255),
        message_ar varchar(2000),
        message_en varchar(2000),
        message_fr varchar(2000) not null,
        title_ar varchar(255),
        title_en varchar(255),
        title_fr varchar(255) not null,
        type varchar(255) not null check (type in ('EVALUATION_ASSIGNED','EVALUATION_SUBMITTED','EVALUATION_VALIDATED','EVALUATION_REJECTED','CORRECTION_REQUESTED','REMINDER','SYSTEM')),
        user_id uuid not null,
        primary key (id)
    )
Hibernate: 
    create table organismes (
        id uuid not null,
        address varchar(255),
        created_at timestamp(6),
        email varchar(255),
        is_active boolean not null,
        name varchar(255) not null,
        phone varchar(255),
        sector varchar(255),
        type varchar(255) not null check (type in ('PUBLIC','PRIVE','SOCIETE_CIVILE')),
        updated_at timestamp(6),
        website varchar(255),
        primary key (id)
    )
Hibernate: 
    create table principes (
        id uuid not null,
        created_at timestamp(6),
        description_ar varchar(2000),
        description_en varchar(2000),
        description_fr varchar(2000),
        is_active boolean not null,
        is_fixed boolean not null,
        name_ar varchar(255),
        name_en varchar(255),
        name_fr varchar(255) not null,
        number integer not null,
        display_order integer not null,
        weight float4 not null,
        primary key (id)
    )
Hibernate: 
    create table reponse_files (
        reponse_id uuid not null,
        file_url varchar(255)
    )
Hibernate: 
    create table reponse_links (
        reponse_id uuid not null,
        link_url varchar(255)
    )
Hibernate: 
    create table reponses (
        id uuid not null,
        commentaire varchar(2000),
        niveau varchar(255) check (niveau in ('N0','N1','N2','N3')),
        rejection_reason varchar(1000),
        status varchar(255) not null check (status in ('BROUILLON','SOUMISE','VALIDEE','REJETEE','A_CORRIGER')),
        submitted_at timestamp(6),
        validated_at timestamp(6),
        validated_by_id uuid,
        validator_comment varchar(1000),
        critere_id uuid not null,
        evaluation_id uuid not null,
        primary key (id)
    )
Hibernate: 
    create table scores_principe (
        id uuid not null,
        max_possible float4 not null,
        score float4 not null,
        weight float4 not null,
        evaluation_id uuid not null,
        principe_id uuid not null,
        primary key (id)
    )
Hibernate: 
    create table users (
        id uuid not null,
        created_at timestamp(6),
        email varchar(255) not null,
        first_name varchar(255) not null,
        is_active boolean not null,
        last_login_at timestamp(6),
        last_name varchar(255) not null,
        password varchar(255) not null,
        phone varchar(255),
        role varchar(255) not null check (role in ('ADMIN','RESPONSABLE','GOUVERNEMENT')),
        updated_at timestamp(6),
        organisme_id uuid,
        primary key (id)
    )
Hibernate: 
    alter table if exists principes 
       drop constraint if exists UK_nto0twga96ylwfhqoqwv9dgne
2026-06-30 23:04:00 [main] WARN  o.h.e.jdbc.spi.SqlExceptionHelper - SQL Warning Code: 0, SQLState: 00000
2026-06-30 23:04:00 [main] WARN  o.h.e.jdbc.spi.SqlExceptionHelper - constraint "uk_nto0twga96ylwfhqoqwv9dgne" of relation "principes" does not exist, skipping
Hibernate: 
    alter table if exists principes 
       add constraint UK_nto0twga96ylwfhqoqwv9dgne unique (number)
Hibernate: 
    alter table if exists users 
       drop constraint if exists UK_6dotkott2kjsp8vw4d0m25fb7
2026-06-30 23:04:00 [main] WARN  o.h.e.jdbc.spi.SqlExceptionHelper - SQL Warning Code: 0, SQLState: 00000
2026-06-30 23:04:00 [main] WARN  o.h.e.jdbc.spi.SqlExceptionHelper - constraint "uk_6dotkott2kjsp8vw4d0m25fb7" of relation "users" does not exist, skipping
Hibernate: 
    alter table if exists users 
       add constraint UK_6dotkott2kjsp8vw4d0m25fb7 unique (email)
Hibernate: 
    alter table if exists audit_logs 
       add constraint FK18lf3f5kn7nldrxqna9idlbro 
       foreign key (evaluation_id) 
       references evaluations
Hibernate: 
    alter table if exists audit_logs 
       add constraint FKjs4iimve3y0xssbtve5ysyef0 
       foreign key (user_id) 
       references users
Hibernate: 
    alter table if exists bonnes_pratiques 
       add constraint FKj69cyjft02d382o9p5oaj9d6o 
       foreign key (principe_id) 
       references principes
Hibernate: 
    alter table if exists criteres 
       add constraint FKkoxn6m8tueyp5qhri8ol06lp1 
       foreign key (bonne_pratique_id) 
       references bonnes_pratiques
Hibernate: 
    alter table if exists evaluations 
       add constraint FK1rsap24ov9lot0fohnrl1cue 
       foreign key (organisme_id) 
       references organismes
Hibernate: 
    alter table if exists global_scores 
       add constraint FK15rst0f3w2fraj0xeyibowmhh 
       foreign key (organisme_id) 
       references organismes
Hibernate: 
    alter table if exists notifications 
       add constraint FK9y21adhxn0ayjhfocscqox7bh 
       foreign key (user_id) 
       references users
Hibernate: 
    alter table if exists reponse_files 
       add constraint FK231uvgi3xenqpiqfc39vnr4ln 
       foreign key (reponse_id) 
       references reponses
Hibernate: 
    alter table if exists reponse_links 
       add constraint FKaml74y8lrxyrgp19wncn4exru 
       foreign key (reponse_id) 
       references reponses
Hibernate: 
    alter table if exists reponses 
       add constraint FKub1nn9ud1t76a21bg2a87cdq 
       foreign key (critere_id) 
       references criteres
Hibernate: 
    alter table if exists reponses 
       add constraint FKmk4oq4xrynuhy6sgm9jwdkn4p 
       foreign key (evaluation_id) 
       references evaluations
Hibernate: 
    alter table if exists scores_principe 
       add constraint FKq52pnecwcmkp9nb0lejw42gud 
       foreign key (evaluation_id) 
       references evaluations
Hibernate: 
    alter table if exists scores_principe 
       add constraint FKe6a6y53r1d85d2p6s3p6phroq 
       foreign key (principe_id) 
       references principes
Hibernate: 
    alter table if exists users 
       add constraint FKe41spxrc3lq2cdrhshlgduw9k 
       foreign key (organisme_id) 
       references organismes
2026-06-30 23:04:00 [main] INFO  o.s.o.j.LocalContainerEntityManagerFactoryBean - Initialized JPA EntityManagerFactory for persistence unit 'default'
2026-06-30 23:04:01 [main] INFO  o.s.d.j.r.query.QueryEnhancerFactory - Hibernate is in classpath; If applicable, HQL parser will be used.
2026-06-30 23:04:03 [main] DEBUG c.s.security.JwtAuthenticationFilter - Filter 'jwtAuthenticationFilter' configured for use
2026-06-30 23:04:04 [main] WARN  o.s.b.a.o.j.JpaBaseConfiguration$JpaWebConfiguration - spring.jpa.open-in-view is enabled by default. Therefore, database queries may be performed during view rendering. Explicitly configure spring.jpa.open-in-view to disable this warning
2026-06-30 23:04:07 [main] INFO  o.s.b.a.e.web.EndpointLinksResolver - Exposing 1 endpoint(s) beneath base path '/actuator'
2026-06-30 23:04:07 [main] INFO  o.s.s.web.DefaultSecurityFilterChain - Will secure any request with [org.springframework.security.web.session.DisableEncodeUrlFilter@c5c622, org.springframework.security.web.context.request.async.WebAsyncManagerIntegrationFilter@334412ed, org.springframework.security.web.context.SecurityContextHolderFilter@4913778f, org.springframework.security.web.header.HeaderWriterFilter@444d2bb6, org.springframework.web.filter.CorsFilter@6bdffa25, org.springframework.security.web.authentication.logout.LogoutFilter@33293dac, com.sse.security.JwtAuthenticationFilter@5f58ff4f, org.springframework.security.web.savedrequest.RequestCacheAwareFilter@37ee58cf, org.springframework.security.web.servletapi.SecurityContextHolderAwareRequestFilter@686aa9c9, org.springframework.security.web.authentication.AnonymousAuthenticationFilter@19c2c3a6, org.springframework.security.web.session.SessionManagementFilter@3f31ff7a, org.springframework.security.web.access.ExceptionTranslationFilter@23abf9c9, org.springframework.security.web.access.intercept.AuthorizationFilter@46e052e5]
2026-06-30 23:04:08 [main] INFO  o.s.b.w.e.tomcat.TomcatWebServer - Tomcat started on port 8084 (http) with context path '/api'
2026-06-30 23:04:09 [main] INFO  com.sse.SseBackendApplication - Started SseBackendApplication in 16.976 seconds (process running for 17.872)
Hibernate: 
    select
        count(p1_0.id) 
    from
        principes p1_0 
    where
        p1_0.is_fixed
2026-06-30 23:04:09 [main] INFO  com.sse.service.PrincipeService - Seeded 12 principles
Hibernate: 
    insert 
    into
        principes
        (created_at, description_ar, description_en, description_fr, is_active, is_fixed, name_ar, name_en, name_fr, number, display_order, weight, id) 
    values
        (?, ?, ?, ?, ?, ?, ?, ?, ?, ?, ?, ?, ?)
Hibernate: 
    insert 
    into
        principes
        (created_at, description_ar, description_en, description_fr, is_active, is_fixed, name_ar, name_en, name_fr, number, display_order, weight, id) 
    values
        (?, ?, ?, ?, ?, ?, ?, ?, ?, ?, ?, ?, ?)
Hibernate: 
    insert 
    into
        principes
        (created_at, description_ar, description_en, description_fr, is_active, is_fixed, name_ar, name_en, name_fr, number, display_order, weight, id) 
    values
        (?, ?, ?, ?, ?, ?, ?, ?, ?, ?, ?, ?, ?)
Hibernate: 
    insert 
    into
        principes
        (created_at, description_ar, description_en, description_fr, is_active, is_fixed, name_ar, name_en, name_fr, number, display_order, weight, id) 
    values
        (?, ?, ?, ?, ?, ?, ?, ?, ?, ?, ?, ?, ?)
Hibernate: 
    insert 
    into
        principes
        (created_at, description_ar, description_en, description_fr, is_active, is_fixed, name_ar, name_en, name_fr, number, display_order, weight, id) 
    values
        (?, ?, ?, ?, ?, ?, ?, ?, ?, ?, ?, ?, ?)
Hibernate: 
    insert 
    into
        principes
        (created_at, description_ar, description_en, description_fr, is_active, is_fixed, name_ar, name_en, name_fr, number, display_order, weight, id) 
    values
        (?, ?, ?, ?, ?, ?, ?, ?, ?, ?, ?, ?, ?)
Hibernate: 
    insert 
    into
        principes
        (created_at, description_ar, description_en, description_fr, is_active, is_fixed, name_ar, name_en, name_fr, number, display_order, weight, id) 
    values
        (?, ?, ?, ?, ?, ?, ?, ?, ?, ?, ?, ?, ?)
Hibernate: 
    insert 
    into
        principes
        (created_at, description_ar, description_en, description_fr, is_active, is_fixed, name_ar, name_en, name_fr, number, display_order, weight, id) 
    values
        (?, ?, ?, ?, ?, ?, ?, ?, ?, ?, ?, ?, ?)
Hibernate: 
    insert 
    into
        principes
        (created_at, description_ar, description_en, description_fr, is_active, is_fixed, name_ar, name_en, name_fr, number, display_order, weight, id) 
    values
        (?, ?, ?, ?, ?, ?, ?, ?, ?, ?, ?, ?, ?)
Hibernate: 
    insert 
    into
        principes
        (created_at, description_ar, description_en, description_fr, is_active, is_fixed, name_ar, name_en, name_fr, number, display_order, weight, id) 
    values
        (?, ?, ?, ?, ?, ?, ?, ?, ?, ?, ?, ?, ?)
Hibernate: 
    insert 
    into
        principes
        (created_at, description_ar, description_en, description_fr, is_active, is_fixed, name_ar, name_en, name_fr, number, display_order, weight, id) 
    values
        (?, ?, ?, ?, ?, ?, ?, ?, ?, ?, ?, ?, ?)
Hibernate: 
    insert 
    into
        principes
        (created_at, description_ar, description_en, description_fr, is_active, is_fixed, name_ar, name_en, name_fr, number, display_order, weight, id) 
    values
        (?, ?, ?, ?, ?, ?, ?, ?, ?, ?, ?, ?, ?)
2026-06-30 23:04:42 [http-nio-8084-exec-1] INFO  o.a.c.c.C.[.[localhost].[/api] - Initializing Spring DispatcherServlet 'dispatcherServlet'
2026-06-30 23:04:42 [http-nio-8084-exec-1] INFO  o.s.web.servlet.DispatcherServlet - Initializing Servlet 'dispatcherServlet'
2026-06-30 23:04:42 [http-nio-8084-exec-1] INFO  o.s.web.servlet.DispatcherServlet - Completed initialization in 1 ms
2026-06-30 23:04:42 [http-nio-8084-exec-1] DEBUG o.s.security.web.FilterChainProxy - Securing GET /actuator/health
2026-06-30 23:04:42 [http-nio-8084-exec-1] DEBUG o.s.s.w.a.AnonymousAuthenticationFilter - Set SecurityContextHolder to anonymous SecurityContext
2026-06-30 23:04:42 [http-nio-8084-exec-1] DEBUG o.s.security.web.FilterChainProxy - Secured GET /actuator/health
