
  .   ____          _            __ _ _
 /\\ / ___'_ __ _ _(_)_ __  __ _ \ \ \ \
( ( )\___ | '_ | '_| | '_ \/ _` | \ \ \ \
 \\/  ___)| |_)| | | | | || (_| |  ) ) ) )
  '  |____| .__|_| |_|_| |_\__, | / / / /
 =========|_|==============|___/=/_/_/_/
 :: Spring Boot ::                (v3.2.5)

2026-06-30 23:07:26 [main] INFO  com.sse.SseBackendApplication - Starting SseBackendApplication v1.0.0 using Java 22.0.1 with PID 46864 (C:\Users\BiGGGi\Desktop\Stage\sse-application\backend\target\sse-backend-1.0.0.jar started by BiGGGi in C:\Users\BiGGGi\Desktop\Stage\sse-application\backend)
2026-06-30 23:07:26 [main] DEBUG com.sse.SseBackendApplication - Running with Spring Boot v3.2.5, Spring v6.1.6
2026-06-30 23:07:26 [main] INFO  com.sse.SseBackendApplication - No active profile set, falling back to 1 default profile: "default"
2026-06-30 23:07:28 [main] INFO  o.s.d.r.c.RepositoryConfigurationDelegate - Bootstrapping Spring Data JPA repositories in DEFAULT mode.
2026-06-30 23:07:28 [main] INFO  o.s.d.r.c.RepositoryConfigurationDelegate - Finished Spring Data repository scanning in 95 ms. Found 11 JPA repository interfaces.
2026-06-30 23:07:30 [main] INFO  o.s.b.w.e.tomcat.TomcatWebServer - Tomcat initialized with port 8084 (http)
2026-06-30 23:07:30 [main] INFO  o.a.catalina.core.StandardService - Starting service [Tomcat]
2026-06-30 23:07:30 [main] INFO  o.a.catalina.core.StandardEngine - Starting Servlet engine: [Apache Tomcat/10.1.20]
2026-06-30 23:07:30 [main] INFO  o.a.c.c.C.[.[localhost].[/api] - Initializing Spring embedded WebApplicationContext
2026-06-30 23:07:30 [main] INFO  o.s.b.w.s.c.ServletWebServerApplicationContext - Root WebApplicationContext: initialization completed in 3458 ms
2026-06-30 23:07:31 [main] INFO  o.h.jpa.internal.util.LogHelper - HHH000204: Processing PersistenceUnitInfo [name: default]
2026-06-30 23:07:31 [main] INFO  org.hibernate.Version - HHH000412: Hibernate ORM core version 6.4.4.Final
2026-06-30 23:07:31 [main] INFO  o.h.c.i.RegionFactoryInitiator - HHH000026: Second-level cache disabled
2026-06-30 23:07:32 [main] INFO  o.s.o.j.p.SpringPersistenceUnitInfo - No LoadTimeWeaver setup: ignoring JPA class transformer
2026-06-30 23:07:32 [main] INFO  com.zaxxer.hikari.HikariDataSource - HikariPool-1 - Starting...
2026-06-30 23:07:32 [main] INFO  com.zaxxer.hikari.pool.HikariPool - HikariPool-1 - Added connection org.postgresql.jdbc.PgConnection@54f25b42
2026-06-30 23:07:32 [main] INFO  com.zaxxer.hikari.HikariDataSource - HikariPool-1 - Start completed.
2026-06-30 23:07:32 [main] WARN  org.hibernate.orm.deprecation - HHH90000025: PostgreSQLDialect does not need to be specified explicitly using 'hibernate.dialect' (remove the property setting and it will be selected by default)
2026-06-30 23:07:34 [main] INFO  o.h.e.t.j.p.i.JtaPlatformInitiator - HHH000489: No JTA platform available (set 'hibernate.transaction.jta.platform' to enable JTA platform integration)
2026-06-30 23:07:35 [main] INFO  o.s.o.j.LocalContainerEntityManagerFactoryBean - Initialized JPA EntityManagerFactory for persistence unit 'default'
2026-06-30 23:07:36 [main] INFO  o.s.d.j.r.query.QueryEnhancerFactory - Hibernate is in classpath; If applicable, HQL parser will be used.
2026-06-30 23:07:37 [main] DEBUG c.s.security.JwtAuthenticationFilter - Filter 'jwtAuthenticationFilter' configured for use
2026-06-30 23:07:38 [main] WARN  o.s.b.a.o.j.JpaBaseConfiguration$JpaWebConfiguration - spring.jpa.open-in-view is enabled by default. Therefore, database queries may be performed during view rendering. Explicitly configure spring.jpa.open-in-view to disable this warning
2026-06-30 23:07:40 [main] INFO  o.s.b.a.e.web.EndpointLinksResolver - Exposing 1 endpoint(s) beneath base path '/actuator'
2026-06-30 23:07:40 [main] INFO  o.s.s.web.DefaultSecurityFilterChain - Will secure any request with [org.springframework.security.web.session.DisableEncodeUrlFilter@10da7696, org.springframework.security.web.context.request.async.WebAsyncManagerIntegrationFilter@43072e3a, org.springframework.security.web.context.SecurityContextHolderFilter@1ebbb581, org.springframework.security.web.header.HeaderWriterFilter@4ad667c8, org.springframework.web.filter.CorsFilter@15d0d8c, org.springframework.security.web.authentication.logout.LogoutFilter@2733414d, com.sse.security.JwtAuthenticationFilter@12ad2a0b, org.springframework.security.web.savedrequest.RequestCacheAwareFilter@59ca0db6, org.springframework.security.web.servletapi.SecurityContextHolderAwareRequestFilter@571f925f, org.springframework.security.web.authentication.AnonymousAuthenticationFilter@75f69816, org.springframework.security.web.session.SessionManagementFilter@5c51515f, org.springframework.security.web.access.ExceptionTranslationFilter@6593f4fd, org.springframework.security.web.access.intercept.AuthorizationFilter@1332e410]
2026-06-30 23:07:41 [main] INFO  o.s.b.w.e.tomcat.TomcatWebServer - Tomcat started on port 8084 (http) with context path '/api'
2026-06-30 23:07:41 [main] INFO  com.sse.SseBackendApplication - Started SseBackendApplication in 15.957 seconds (process running for 16.964)
Hibernate: 
    select
        count(p1_0.id) 
    from
        principes p1_0 
    where
        p1_0.is_fixed
2026-06-30 23:07:42 [main] INFO  com.sse.service.PrincipeService - Principles already seeded, skipping
Hibernate: 
    select
        o1_0.id,
        o1_0.address,
        o1_0.created_at,
        o1_0.email,
        o1_0.is_active,
        o1_0.name,
        o1_0.phone,
        o1_0.sector,
        o1_0.type,
        o1_0.updated_at,
        o1_0.website 
    from
        organismes o1_0
2026-06-30 23:07:42 [main] INFO  com.sse.service.DemoDataService - Seeded demo organisme: Organisme de démonstration
Hibernate: 
    insert 
    into
        organismes
        (address, created_at, email, is_active, name, phone, sector, type, updated_at, website, id) 
    values
        (?, ?, ?, ?, ?, ?, ?, ?, ?, ?, ?)
Hibernate: 
    select
        u1_0.id 
    from
        users u1_0 
    where
        u1_0.email=? 
    fetch
        first ? rows only
2026-06-30 23:07:42 [main] INFO  com.sse.service.DemoDataService - Seeded demo user: admin@sse.tn
Hibernate: 
    insert 
    into
        users
        (created_at, email, first_name, is_active, last_login_at, last_name, organisme_id, password, phone, role, updated_at, id) 
    values
        (?, ?, ?, ?, ?, ?, ?, ?, ?, ?, ?, ?)
Hibernate: 
    select
        u1_0.id 
    from
        users u1_0 
    where
        u1_0.email=? 
    fetch
        first ? rows only
2026-06-30 23:07:43 [main] INFO  com.sse.service.DemoDataService - Seeded demo user: resp@sse.tn
Hibernate: 
    insert 
    into
        users
        (created_at, email, first_name, is_active, last_login_at, last_name, organisme_id, password, phone, role, updated_at, id) 
    values
        (?, ?, ?, ?, ?, ?, ?, ?, ?, ?, ?, ?)
Hibernate: 
    select
        u1_0.id 
    from
        users u1_0 
    where
        u1_0.email=? 
    fetch
        first ? rows only
2026-06-30 23:07:43 [main] INFO  com.sse.service.DemoDataService - Seeded demo user: gouv@sse.tn
Hibernate: 
    insert 
    into
        users
        (created_at, email, first_name, is_active, last_login_at, last_name, organisme_id, password, phone, role, updated_at, id) 
    values
        (?, ?, ?, ?, ?, ?, ?, ?, ?, ?, ?, ?)
2026-06-30 23:07:50 [http-nio-8084-exec-1] INFO  o.a.c.c.C.[.[localhost].[/api] - Initializing Spring DispatcherServlet 'dispatcherServlet'
2026-06-30 23:07:50 [http-nio-8084-exec-1] INFO  o.s.web.servlet.DispatcherServlet - Initializing Servlet 'dispatcherServlet'
2026-06-30 23:07:50 [http-nio-8084-exec-1] INFO  o.s.web.servlet.DispatcherServlet - Completed initialization in 1 ms
2026-06-30 23:07:50 [http-nio-8084-exec-1] DEBUG o.s.security.web.FilterChainProxy - Securing GET /actuator/health
2026-06-30 23:07:50 [http-nio-8084-exec-1] DEBUG o.s.s.w.a.AnonymousAuthenticationFilter - Set SecurityContextHolder to anonymous SecurityContext
2026-06-30 23:07:50 [http-nio-8084-exec-1] DEBUG o.s.security.web.FilterChainProxy - Secured GET /actuator/health
2026-06-30 23:08:07 [http-nio-8084-exec-3] DEBUG o.s.security.web.FilterChainProxy - Securing POST /auth/login
2026-06-30 23:08:07 [http-nio-8084-exec-3] DEBUG o.s.s.w.a.AnonymousAuthenticationFilter - Set SecurityContextHolder to anonymous SecurityContext
2026-06-30 23:08:07 [http-nio-8084-exec-3] DEBUG o.s.security.web.FilterChainProxy - Secured POST /auth/login
Hibernate: 
    select
        u1_0.id,
        u1_0.created_at,
        u1_0.email,
        u1_0.first_name,
        u1_0.is_active,
        u1_0.last_login_at,
        u1_0.last_name,
        u1_0.organisme_id,
        u1_0.password,
        u1_0.phone,
        u1_0.role,
        u1_0.updated_at 
    from
        users u1_0 
    where
        u1_0.email=?
2026-06-30 23:08:08 [http-nio-8084-exec-3] DEBUG o.s.s.a.d.DaoAuthenticationProvider - Authenticated user
Hibernate: 
    select
        u1_0.id,
        u1_0.created_at,
        u1_0.email,
        u1_0.first_name,
        u1_0.is_active,
        u1_0.last_login_at,
        u1_0.last_name,
        u1_0.organisme_id,
        u1_0.password,
        u1_0.phone,
        u1_0.role,
        u1_0.updated_at 
    from
        users u1_0 
    where
        u1_0.email=?
Hibernate: 
    update
        users 
    set
        created_at=?,
        email=?,
        first_name=?,
        is_active=?,
        last_login_at=?,
        last_name=?,
        organisme_id=?,
        password=?,
        phone=?,
        role=?,
        updated_at=? 
    where
        id=?
2026-06-30 23:08:47 [http-nio-8084-exec-6] DEBUG o.s.security.web.FilterChainProxy - Securing GET /
2026-06-30 23:08:47 [http-nio-8084-exec-6] DEBUG o.s.s.w.a.AnonymousAuthenticationFilter - Set SecurityContextHolder to anonymous SecurityContext
2026-06-30 23:08:47 [http-nio-8084-exec-6] DEBUG o.s.s.w.a.Http403ForbiddenEntryPoint - Pre-authenticated entry point called. Rejecting access
2026-06-30 23:08:47 [http-nio-8084-exec-6] DEBUG o.s.security.web.FilterChainProxy - Securing GET /error
2026-06-30 23:08:47 [http-nio-8084-exec-6] DEBUG o.s.s.w.a.AnonymousAuthenticationFilter - Set SecurityContextHolder to anonymous SecurityContext
2026-06-30 23:08:47 [http-nio-8084-exec-6] DEBUG o.s.s.w.a.Http403ForbiddenEntryPoint - Pre-authenticated entry point called. Rejecting access
2026-06-30 23:09:06 [http-nio-8084-exec-8] DEBUG o.s.security.web.FilterChainProxy - Securing GET /
2026-06-30 23:09:06 [http-nio-8084-exec-8] DEBUG o.s.s.w.a.AnonymousAuthenticationFilter - Set SecurityContextHolder to anonymous SecurityContext
2026-06-30 23:09:06 [http-nio-8084-exec-8] DEBUG o.s.s.w.a.Http403ForbiddenEntryPoint - Pre-authenticated entry point called. Rejecting access
2026-06-30 23:09:06 [http-nio-8084-exec-8] DEBUG o.s.security.web.FilterChainProxy - Securing GET /error
2026-06-30 23:09:06 [http-nio-8084-exec-8] DEBUG o.s.s.w.a.AnonymousAuthenticationFilter - Set SecurityContextHolder to anonymous SecurityContext
2026-06-30 23:09:06 [http-nio-8084-exec-8] DEBUG o.s.s.w.a.Http403ForbiddenEntryPoint - Pre-authenticated entry point called. Rejecting access
